C:\USERS\NAMKUNGHYEON\DOCUMENTS\VISUAL STUDIO 2010\PROJECTS\CRAZYLANG\CRAZYLANG\DEBUG\CHILDFRM.OBJ
C:\Users\Namkunghyeon\Documents\Visual Studio 2010\Projects\CrazyLang\CrazyLang\Debug\cl.command.1.tlog
C:\Users\Namkunghyeon\Documents\Visual Studio 2010\Projects\CrazyLang\CrazyLang\Debug\CL.read.1.tlog
C:\Users\Namkunghyeon\Documents\Visual Studio 2010\Projects\CrazyLang\CrazyLang\Debug\CL.write.1.tlog
C:\USERS\NAMKUNGHYEON\DOCUMENTS\VISUAL STUDIO 2010\PROJECTS\CRAZYLANG\CRAZYLANG\DEBUG\CRAZYLANG.EXE.EMBED.MANIFEST
C:\USERS\NAMKUNGHYEON\DOCUMENTS\VISUAL STUDIO 2010\PROJECTS\CRAZYLANG\CRAZYLANG\DEBUG\CRAZYLANG.EXE.EMBED.MANIFEST.RES
C:\USERS\NAMKUNGHYEON\DOCUMENTS\VISUAL STUDIO 2010\PROJECTS\CRAZYLANG\CRAZYLANG\DEBUG\CRAZYLANG.EXE.INTERMEDIATE.MANIFEST
C:\USERS\NAMKUNGHYEON\DOCUMENTS\VISUAL STUDIO 2010\PROJECTS\CRAZYLANG\CRAZYLANG\DEBUG\CRAZYLANG.OBJ
C:\USERS\NAMKUNGHYEON\DOCUMENTS\VISUAL STUDIO 2010\PROJECTS\CRAZYLANG\CRAZYLANG\DEBUG\CRAZYLANG.PCH
C:\USERS\NAMKUNGHYEON\DOCUMENTS\VISUAL STUDIO 2010\PROJECTS\CRAZYLANG\CRAZYLANG\DEBUG\CRAZYLANG.RES
C:\Users\Namkunghyeon\Documents\Visual Studio 2010\Projects\CrazyLang\CrazyLang\Debug\CrazyLang_manifest.rc
C:\USERS\NAMKUNGHYEON\DOCUMENTS\VISUAL STUDIO 2010\PROJECTS\CRAZYLANG\CRAZYLANG\DEBUG\CRAZYLANGDOC.OBJ
C:\USERS\NAMKUNGHYEON\DOCUMENTS\VISUAL STUDIO 2010\PROJECTS\CRAZYLANG\CRAZYLANG\DEBUG\CRAZYLANGVIEW.OBJ
C:\Users\Namkunghyeon\Documents\Visual Studio 2010\Projects\CrazyLang\CrazyLang\Debug\link.command.1.tlog
C:\Users\Namkunghyeon\Documents\Visual Studio 2010\Projects\CrazyLang\CrazyLang\Debug\link.read.1.tlog
C:\Users\Namkunghyeon\Documents\Visual Studio 2010\Projects\CrazyLang\CrazyLang\Debug\link.write.1.tlog
C:\Users\Namkunghyeon\Documents\Visual Studio 2010\Projects\CrazyLang\CrazyLang\Debug\link-cvtres.read.1.tlog
C:\Users\Namkunghyeon\Documents\Visual Studio 2010\Projects\CrazyLang\CrazyLang\Debug\link-cvtres.write.1.tlog
C:\USERS\NAMKUNGHYEON\DOCUMENTS\VISUAL STUDIO 2010\PROJECTS\CRAZYLANG\CRAZYLANG\DEBUG\LOADINGBOX.OBJ
C:\USERS\NAMKUNGHYEON\DOCUMENTS\VISUAL STUDIO 2010\PROJECTS\CRAZYLANG\CRAZYLANG\DEBUG\MAINFRM.OBJ
C:\Users\Namkunghyeon\Documents\Visual Studio 2010\Projects\CrazyLang\CrazyLang\Debug\mt.command.1.tlog
C:\Users\Namkunghyeon\Documents\Visual Studio 2010\Projects\CrazyLang\CrazyLang\Debug\mt.read.1.tlog
C:\Users\Namkunghyeon\Documents\Visual Studio 2010\Projects\CrazyLang\CrazyLang\Debug\mt.write.1.tlog
C:\USERS\NAMKUNGHYEON\DOCUMENTS\VISUAL STUDIO 2010\PROJECTS\CRAZYLANG\CRAZYLANG\DEBUG\OUTPUTWND.OBJ
C:\Users\Namkunghyeon\Documents\Visual Studio 2010\Projects\CrazyLang\CrazyLang\Debug\rc.command.1.tlog
C:\Users\Namkunghyeon\Documents\Visual Studio 2010\Projects\CrazyLang\CrazyLang\Debug\rc.read.1.tlog
C:\Users\Namkunghyeon\Documents\Visual Studio 2010\Projects\CrazyLang\CrazyLang\Debug\rc.write.1.tlog
C:\USERS\NAMKUNGHYEON\DOCUMENTS\VISUAL STUDIO 2010\PROJECTS\CRAZYLANG\CRAZYLANG\DEBUG\STDAFX.OBJ
C:\Users\Namkunghyeon\Documents\Visual Studio 2010\Projects\CrazyLang\CrazyLang\Debug\vc100.idb
C:\USERS\NAMKUNGHYEON\DOCUMENTS\VISUAL STUDIO 2010\PROJECTS\CRAZYLANG\CRAZYLANG\DEBUG\VC100.PDB
C:\USERS\NAMKUNGHYEON\DOCUMENTS\VISUAL STUDIO 2010\PROJECTS\CRAZYLANG\DEBUG\CRAZYLANG.EXE
C:\USERS\NAMKUNGHYEON\DOCUMENTS\VISUAL STUDIO 2010\PROJECTS\CRAZYLANG\DEBUG\CRAZYLANG.ILK
C:\USERS\NAMKUNGHYEON\DOCUMENTS\VISUAL STUDIO 2010\PROJECTS\CRAZYLANG\DEBUG\CRAZYLANG.PDB
